<?xml version="1.0" encoding="UTF-8"?>
<!-- Generated by org.testng.reporters.JUnitXMLReporter -->
<testsuite ignored="0" hostname="DESKTOP-0N88LAP" failures="1" tests="3" name="Amazon" time="103.297" errors="0" timestamp="2021-01-31T10:36:16 IST">
  <testcase classname="com.qa.testsScripts.TC_AmazonSearchItemDDT_003" name="searchItemDDT" time="20.327"/>
  <testcase classname="com.qa.testsScripts.TC_AmazonSearchItemDDT_003" name="searchItemDDT" time="17.007">
    <failure type="java.lang.AssertionError">
      <![CDATA[java.lang.AssertionError
at org.junit.Assert.fail(Assert.java:86)
at org.junit.Assert.assertTrue(Assert.java:41)
at org.junit.Assert.assertTrue(Assert.java:52)
at com.qa.testsScripts.TC_AmazonSearchItemDDT_003.searchItemDDT(TC_AmazonSearchItemDDT_003.java:43)
at java.base/java.util.ArrayList.forEach(ArrayList.java:1511)
... Removed 27 stack frames]]>
    </failure>
  </testcase> <!-- searchItemDDT -->
  <testcase classname="com.qa.testsScripts.TC_AmazonSearchItemDDT_003" name="searchItemDDT" time="18.349"/>
</testsuite> <!-- Amazon -->
