<?xml version="1.0" encoding="UTF-8"?>
<!-- Generated by org.testng.reporters.JUnitXMLReporter -->
<testsuite hostname="DESKTOP-0N88LAP" ignored="0" name="Amazon Functional testing" tests="5" failures="2" timestamp="2021-01-31T17:16:35 IST" time="221.229" errors="0">
  <testcase name="searchItemDDT" time="20.83" classname="com.qa.testsScripts.TC_AmazonSearchItemDDT_003"/>
  <testcase name="searchItemDDT" time="26.093" classname="com.qa.testsScripts.TC_AmazonSearchItemDDT_003">
    <failure type="java.lang.AssertionError">
      <![CDATA[java.lang.AssertionError
at org.junit.Assert.fail(Assert.java:86)
at org.junit.Assert.assertTrue(Assert.java:41)
at org.junit.Assert.assertTrue(Assert.java:52)
at com.qa.testsScripts.TC_AmazonSearchItemDDT_003.searchItemDDT(TC_AmazonSearchItemDDT_003.java:47)
at java.util.ArrayList.forEach(ArrayList.java:1259)
... Removed 31 stack frames]]>
    </failure>
  </testcase> <!-- searchItemDDT -->
  <testcase name="searchItemDDT" time="36.32" classname="com.qa.testsScripts.TC_AmazonSearchItemDDT_003"/>
  <testcase name="searchItem" time="27.921" classname="com.qa.testsScripts.TC_AmazonSearchItem_001"/>
  <testcase name="getFooterlinks" time="8.544" classname="com.qa.testsScripts.TC_AmazonHomePage_002">
    <failure type="java.lang.AssertionError">
      <![CDATA[java.lang.AssertionError
at org.junit.Assert.fail(Assert.java:86)
at org.junit.Assert.assertTrue(Assert.java:41)
at org.junit.Assert.assertTrue(Assert.java:52)
at com.qa.testsScripts.TC_AmazonHomePage_002.getFooterlinks(TC_AmazonHomePage_002.java:38)
at java.util.ArrayList.forEach(ArrayList.java:1259)
... Removed 31 stack frames]]>
    </failure>
  </testcase> <!-- getFooterlinks -->
</testsuite> <!-- Amazon Functional testing -->
