<?xml version="1.0" encoding="UTF-8"?>
<!-- Generated by org.testng.reporters.JUnitXMLReporter -->
<testsuite ignored="0" hostname="DESKTOP-0N88LAP" failures="1" tests="3" name="Amazon Functional testing" time="89.234" errors="0" timestamp="2021-01-31T13:20:54 IST">
  <testcase classname="com.qa.testsScripts.TC_AmazonSearchItemDDT_003" name="searchItemDDT" time="17.822"/>
  <testcase classname="com.qa.testsScripts.TC_AmazonSearchItemDDT_003" name="searchItemDDT" time="18.048">
    <failure type="java.lang.AssertionError">
      <![CDATA[java.lang.AssertionError
at org.junit.Assert.fail(Assert.java:86)
at org.junit.Assert.assertTrue(Assert.java:41)
at org.junit.Assert.assertTrue(Assert.java:52)
at com.qa.testsScripts.TC_AmazonSearchItemDDT_003.searchItemDDT(TC_AmazonSearchItemDDT_003.java:47)
at java.base/java.util.ArrayList.forEach(ArrayList.java:1511)
... Removed 27 stack frames]]>
    </failure>
  </testcase> <!-- searchItemDDT -->
  <testcase classname="com.qa.testsScripts.TC_AmazonSearchItemDDT_003" name="searchItemDDT" time="14.66"/>
</testsuite> <!-- Amazon Functional testing -->
